<?xml version="1.0" encoding="UTF-8"?>
<testng-results skipped="0" failed="1" ignored="5" total="6" passed="0">
  <reporter-output>
  </reporter-output>
  <suite name="Default suite" duration-ms="154227" started-at="2017-09-14T16:31:55Z" finished-at="2017-09-14T16:34:30Z">
    <groups>
    </groups>
    <test name="Default test" duration-ms="154227" started-at="2017-09-14T16:31:55Z" finished-at="2017-09-14T16:34:30Z">
      <class name="com.dist.bdf.facade.service.biz.test.MaterialServiceTest">
        <test-method status="PASS" signature="springTestContextBeforeTestClass()[pri:0, instance:com.dist.bdf.facade.service.biz.test.MaterialServiceTest@41d426b5]" name="springTestContextBeforeTestClass" is-config="true" duration-ms="20" started-at="2017-09-15T00:31:55Z" finished-at="2017-09-15T00:31:55Z">
          <reporter-output>
          </reporter-output>
        </test-method> <!-- springTestContextBeforeTestClass -->
        <test-method status="PASS" signature="springTestContextPrepareTestInstance()[pri:0, instance:com.dist.bdf.facade.service.biz.test.MaterialServiceTest@41d426b5]" name="springTestContextPrepareTestInstance" is-config="true" duration-ms="73929" started-at="2017-09-15T00:31:55Z" depends-on-methods="org.springframework.test.context.testng.AbstractTestNGSpringContextTests.springTestContextBeforeTestClass" finished-at="2017-09-15T00:33:09Z">
          <reporter-output>
          </reporter-output>
        </test-method> <!-- springTestContextPrepareTestInstance -->
        <test-method status="PASS" signature="springTestContextBeforeTestMethod(java.lang.reflect.Method)[pri:0, instance:com.dist.bdf.facade.service.biz.test.MaterialServiceTest@41d426b5]" name="springTestContextBeforeTestMethod" is-config="true" duration-ms="12" started-at="2017-09-15T00:33:09Z" finished-at="2017-09-15T00:33:09Z">
          <params>
            <param index="0">
              <value>
                <![CDATA[public void com.dist.bdf.facade.service.biz.test.MaterialServiceTest.testGetBasicMaterialStat()]]>
              </value>
            </param>
          </params>
          <reporter-output>
          </reporter-output>
        </test-method> <!-- springTestContextBeforeTestMethod -->
        <test-method status="FAIL" signature="testGetBasicMaterialStat()[pri:0, instance:com.dist.bdf.facade.service.biz.test.MaterialServiceTest@41d426b5]" name="testGetBasicMaterialStat" duration-ms="80222" started-at="2017-09-15T00:33:09Z" finished-at="2017-09-15T00:34:30Z">
          <exception class="java.lang.NullPointerException">
            <full-stacktrace>
              <![CDATA[java.lang.NullPointerException
	at com.dist.bdf.manager.ecm.utils.SearchEngine.getMaterialSummaryDTO(SearchEngine.java:785)
	at com.dist.bdf.facade.service.biz.impl.CommonMaterialServiceImpl.getBasicMaterialStat(CommonMaterialServiceImpl.java:1004)
	at com.dist.bdf.facade.service.biz.impl.CommonMaterialServiceImpl.getBasicMaterialStat(CommonMaterialServiceImpl.java:1)
	at sun.reflect.NativeMethodAccessorImpl.invoke0(Native Method)
	at sun.reflect.NativeMethodAccessorImpl.invoke(NativeMethodAccessorImpl.java:62)
	at sun.reflect.DelegatingMethodAccessorImpl.invoke(DelegatingMethodAccessorImpl.java:43)
	at java.lang.reflect.Method.invoke(Method.java:498)
	at org.springframework.aop.support.AopUtils.invokeJoinpointUsingReflection(AopUtils.java:302)
	at org.springframework.aop.framework.ReflectiveMethodInvocation.invokeJoinpoint(ReflectiveMethodInvocation.java:190)
	at org.springframework.aop.framework.ReflectiveMethodInvocation.proceed(ReflectiveMethodInvocation.java:157)
	at org.springframework.transaction.interceptor.TransactionInterceptor$1.proceedWithInvocation(TransactionInterceptor.java:99)
	at org.springframework.transaction.interceptor.TransactionAspectSupport.invokeWithinTransaction(TransactionAspectSupport.java:281)
	at org.springframework.transaction.interceptor.TransactionInterceptor.invoke(TransactionInterceptor.java:96)
	at org.springframework.aop.framework.ReflectiveMethodInvocation.proceed(ReflectiveMethodInvocation.java:179)
	at org.springframework.aop.framework.JdkDynamicAopProxy.invoke(JdkDynamicAopProxy.java:207)
	at com.sun.proxy.$Proxy88.getBasicMaterialStat(Unknown Source)
	at com.dist.bdf.facade.service.biz.test.MaterialServiceTest.testGetBasicMaterialStat(MaterialServiceTest.java:83)
	at sun.reflect.NativeMethodAccessorImpl.invoke0(Native Method)
	at sun.reflect.NativeMethodAccessorImpl.invoke(NativeMethodAccessorImpl.java:62)
	at sun.reflect.DelegatingMethodAccessorImpl.invoke(DelegatingMethodAccessorImpl.java:43)
	at java.lang.reflect.Method.invoke(Method.java:498)
	at org.testng.internal.MethodInvocationHelper.invokeMethod(MethodInvocationHelper.java:108)
	at org.testng.internal.MethodInvocationHelper$1.runTestMethod(MethodInvocationHelper.java:209)
	at org.springframework.test.context.testng.AbstractTestNGSpringContextTests.run(AbstractTestNGSpringContextTests.java:175)
	at org.testng.internal.MethodInvocationHelper.invokeHookable(MethodInvocationHelper.java:221)
	at org.testng.internal.Invoker.invokeMethod(Invoker.java:657)
	at org.testng.internal.Invoker.invokeTestMethod(Invoker.java:869)
	at org.testng.internal.Invoker.invokeTestMethods(Invoker.java:1193)
	at org.testng.internal.TestMethodWorker.invokeTestMethods(TestMethodWorker.java:126)
	at org.testng.internal.TestMethodWorker.run(TestMethodWorker.java:109)
	at org.testng.TestRunner.privateRun(TestRunner.java:744)
	at org.testng.TestRunner.run(TestRunner.java:602)
	at org.testng.SuiteRunner.runTest(SuiteRunner.java:380)
	at org.testng.SuiteRunner.runSequentially(SuiteRunner.java:375)
	at org.testng.SuiteRunner.privateRun(SuiteRunner.java:340)
	at org.testng.SuiteRunner.run(SuiteRunner.java:289)
	at org.testng.SuiteRunnerWorker.runSuite(SuiteRunnerWorker.java:52)
	at org.testng.SuiteRunnerWorker.run(SuiteRunnerWorker.java:86)
	at org.testng.TestNG.runSuitesSequentially(TestNG.java:1301)
	at org.testng.TestNG.runSuitesLocally(TestNG.java:1226)
	at org.testng.TestNG.runSuites(TestNG.java:1144)
	at org.testng.TestNG.run(TestNG.java:1115)
	at org.testng.remote.AbstractRemoteTestNG.run(AbstractRemoteTestNG.java:132)
	at org.testng.remote.RemoteTestNG.initAndRun(RemoteTestNG.java:230)
	at org.testng.remote.RemoteTestNG.main(RemoteTestNG.java:76)
]]>
            </full-stacktrace>
          </exception> <!-- java.lang.NullPointerException -->
          <reporter-output>
          </reporter-output>
        </test-method> <!-- testGetBasicMaterialStat -->
        <test-method status="PASS" signature="springTestContextAfterTestMethod(java.lang.reflect.Method)[pri:0, instance:com.dist.bdf.facade.service.biz.test.MaterialServiceTest@41d426b5]" name="springTestContextAfterTestMethod" is-config="true" duration-ms="4" started-at="2017-09-15T00:34:30Z" finished-at="2017-09-15T00:34:30Z">
          <params>
            <param index="0">
              <value>
                <![CDATA[public void com.dist.bdf.facade.service.biz.test.MaterialServiceTest.testGetBasicMaterialStat()]]>
              </value>
            </param>
          </params>
          <reporter-output>
          </reporter-output>
        </test-method> <!-- springTestContextAfterTestMethod -->
        <test-method status="PASS" signature="springTestContextAfterTestClass()[pri:0, instance:com.dist.bdf.facade.service.biz.test.MaterialServiceTest@41d426b5]" name="springTestContextAfterTestClass" is-config="true" duration-ms="0" started-at="2017-09-15T00:34:30Z" finished-at="2017-09-15T00:34:30Z">
          <reporter-output>
          </reporter-output>
        </test-method> <!-- springTestContextAfterTestClass -->
      </class> <!-- com.dist.bdf.facade.service.biz.test.MaterialServiceTest -->
    </test> <!-- Default test -->
  </suite> <!-- Default suite -->
</testng-results>
