<?xml version="1.0" encoding="UTF-8"?>
<!-- Generated by org.testng.reporters.JUnitXMLReporter -->
<testsuite hostname="LeoTerry" ignored="5" name="Default test" tests="1" failures="1" timestamp="14 九月 2017 16:34:30 GMT" time="154.227" errors="0">
  <testcase name="testGetBasicMaterialStat" time="80.222" classname="com.dist.bdf.facade.service.biz.test.MaterialServiceTest">
    <failure type="java.lang.NullPointerException">
      <![CDATA[java.lang.NullPointerException
	at com.dist.bdf.manager.ecm.utils.SearchEngine.getMaterialSummaryDTO(SearchEngine.java:785)
	at com.dist.bdf.facade.service.biz.impl.CommonMaterialServiceImpl.getBasicMaterialStat(CommonMaterialServiceImpl.java:1004)
	at com.dist.bdf.facade.service.biz.impl.CommonMaterialServiceImpl.getBasicMaterialStat(CommonMaterialServiceImpl.java:1)
	at sun.reflect.NativeMethodAccessorImpl.invoke0(Native Method)
	at sun.reflect.NativeMethodAccessorImpl.invoke(NativeMethodAccessorImpl.java:62)
	at sun.reflect.DelegatingMethodAccessorImpl.invoke(DelegatingMethodAccessorImpl.java:43)
	at java.lang.reflect.Method.invoke(Method.java:498)
	at org.springframework.aop.support.AopUtils.invokeJoinpointUsingReflection(AopUtils.java:302)
	at org.springframework.aop.framework.ReflectiveMethodInvocation.invokeJoinpoint(ReflectiveMethodInvocation.java:190)
	at org.springframework.aop.framework.ReflectiveMethodInvocation.proceed(ReflectiveMethodInvocation.java:157)
	at org.springframework.transaction.interceptor.TransactionInterceptor$1.proceedWithInvocation(TransactionInterceptor.java:99)
	at org.springframework.transaction.interceptor.TransactionAspectSupport.invokeWithinTransaction(TransactionAspectSupport.java:281)
	at org.springframework.transaction.interceptor.TransactionInterceptor.invoke(TransactionInterceptor.java:96)
	at org.springframework.aop.framework.ReflectiveMethodInvocation.proceed(ReflectiveMethodInvocation.java:179)
	at org.springframework.aop.framework.JdkDynamicAopProxy.invoke(JdkDynamicAopProxy.java:207)
	at com.sun.proxy.$Proxy88.getBasicMaterialStat(Unknown Source)
	at com.dist.bdf.facade.service.biz.test.MaterialServiceTest.testGetBasicMaterialStat(MaterialServiceTest.java:83)
	at sun.reflect.NativeMethodAccessorImpl.invoke0(Native Method)
	at sun.reflect.NativeMethodAccessorImpl.invoke(NativeMethodAccessorImpl.java:62)
	at sun.reflect.DelegatingMethodAccessorImpl.invoke(DelegatingMethodAccessorImpl.java:43)
	at java.lang.reflect.Method.invoke(Method.java:498)
	at org.testng.internal.MethodInvocationHelper.invokeMethod(MethodInvocationHelper.java:108)
	at org.testng.internal.MethodInvocationHelper$1.runTestMethod(MethodInvocationHelper.java:209)
	at org.springframework.test.context.testng.AbstractTestNGSpringContextTests.run(AbstractTestNGSpringContextTests.java:175)
	at org.testng.internal.MethodInvocationHelper.invokeHookable(MethodInvocationHelper.java:221)
	at org.testng.internal.Invoker.invokeMethod(Invoker.java:657)
	at org.testng.internal.Invoker.invokeTestMethod(Invoker.java:869)
	at org.testng.internal.Invoker.invokeTestMethods(Invoker.java:1193)
	at org.testng.internal.TestMethodWorker.invokeTestMethods(TestMethodWorker.java:126)
	at org.testng.internal.TestMethodWorker.run(TestMethodWorker.java:109)
	at org.testng.TestRunner.privateRun(TestRunner.java:744)
	at org.testng.TestRunner.run(TestRunner.java:602)
	at org.testng.SuiteRunner.runTest(SuiteRunner.java:380)
	at org.testng.SuiteRunner.runSequentially(SuiteRunner.java:375)
	at org.testng.SuiteRunner.privateRun(SuiteRunner.java:340)
	at org.testng.SuiteRunner.run(SuiteRunner.java:289)
	at org.testng.SuiteRunnerWorker.runSuite(SuiteRunnerWorker.java:52)
	at org.testng.SuiteRunnerWorker.run(SuiteRunnerWorker.java:86)
	at org.testng.TestNG.runSuitesSequentially(TestNG.java:1301)
	at org.testng.TestNG.runSuitesLocally(TestNG.java:1226)
	at org.testng.TestNG.runSuites(TestNG.java:1144)
	at org.testng.TestNG.run(TestNG.java:1115)
	at org.testng.remote.AbstractRemoteTestNG.run(AbstractRemoteTestNG.java:132)
	at org.testng.remote.RemoteTestNG.initAndRun(RemoteTestNG.java:230)
	at org.testng.remote.RemoteTestNG.main(RemoteTestNG.java:76)
]]>
    </failure>
  </testcase> <!-- testGetBasicMaterialStat -->
  <testcase name="testGetProjectFoldersPage" time="0.0" classname="com.dist.bdf.facade.service.biz.test.MaterialServiceTest">
    <ignored/>
  </testcase> <!-- testGetProjectFoldersPage -->
  <testcase name="testGetSubDocsPage" time="0.0" classname="com.dist.bdf.facade.service.biz.test.MaterialServiceTest">
    <ignored/>
  </testcase> <!-- testGetSubDocsPage -->
  <testcase name="testRenameDocName" time="0.0" classname="com.dist.bdf.facade.service.biz.test.MaterialServiceTest">
    <ignored/>
  </testcase> <!-- testRenameDocName -->
  <testcase name="testGetProjectDocsPage" time="0.0" classname="com.dist.bdf.facade.service.biz.test.MaterialServiceTest">
    <ignored/>
  </testcase> <!-- testGetProjectDocsPage -->
  <testcase name="testGetDocInfoById" time="0.0" classname="com.dist.bdf.facade.service.biz.test.MaterialServiceTest">
    <ignored/>
  </testcase> <!-- testGetDocInfoById -->
</testsuite> <!-- Default test -->
